<?xml version="1.0" encoding="UTF-8"?>
<!-- Generated by org.testng.reporters.JUnitXMLReporter -->
<testsuite ignored="0" hostname="10812-LAP-0334" failures="0" tests="2" name="Default test" time="27.146" errors="0" timestamp="2023-09-08T11:23:32 IST">
  <testcase classname="com.selenium.automation.framework.test.SubmitOrderTest" name="submitOrder" time="10.366"/>
  <testcase classname="com.selenium.automation.framework.test.SubmitOrderTest" name="orderHistoryTest" time="6.04"/>
</testsuite> <!-- Default test -->
