<?xml version="1.0" encoding="UTF-8"?>
<testng-results ignored="0" total="0" passed="0" failed="0" skipped="0">
  <reporter-output>
  </reporter-output>
  <suite started-at="2023-09-08T12:10:46 IST" name="Suite" finished-at="2023-09-08T12:10:46 IST" duration-ms="23">
    <groups>
    </groups>
    <test started-at="2023-09-08T12:10:46 IST" name="Submit Order" finished-at="2023-09-08T12:10:46 IST" duration-ms="23">
    </test> <!-- Submit Order -->
    <test started-at="2023-09-08T12:10:46 IST" name="Error validation" finished-at="2023-09-08T12:10:46 IST" duration-ms="23">
    </test> <!-- Error validation -->
  </suite> <!-- Suite -->
</testng-results>
